<?xml version="1.0" encoding="UTF-8" ?>
<testsuite tests="2" failures="1" name="TestMessageBuilder" time="0.026" errors="0" skipped="0">
  <properties>
[...]
</properties>
  <testcase classname="TestMessageBuilder" name="TestMessageBuilder.testNumber" time="0.002"/>
  <testcase classname="TestMessageBuilder" name="TestMessageBuilder.testMeaningfulText" time="0.024">
    <failure message="expected: &lt;Hello Worlds&gt; but was: &lt;Hello World&gt;" type="org.opentest4j.AssertionFailedError">org.opentest4j.AssertionFailedError: expected: &lt;Hello Worlds&gt; but was: &lt;Hello World&gt;
	at org.junit.jupiter.api.AssertionUtils.fail(AssertionUtils.java:55)
	at org.junit.jupiter.api.AssertEquals.failNotEqual(AssertEquals.java:195)
	at org.junit.jupiter.api.AssertEquals.assertEquals(AssertEquals.java:184)
	at org.junit.jupiter.api.AssertEquals.assertEquals(AssertEquals.java:179)
	at org.junit.jupiter.api.Assertions.assertEquals(Assertions.java:1124)
	at TestMessageBuilder.testMeaningfulText(TestMessageBuilder.java:11)
</failure>
  </testcase>
</testsuite>